Using pre-set license
Built from '2022.3/staging' branch; Version is '2022.3.19f1 (244b723c30a6) revision 2378610'; Using compiler version '192829333'; Build Type 'Release'
OS: 'Windows 11  (10.0.22631) 64bit Core' Language: 'en' Physical Memory: 16077 MB
BatchMode: 1, IsHumanControllingUs: 0, StartBugReporterOnCrash: 0, Is64bit: 1, IsPro: 1

COMMAND LINE ARGUMENTS:
C:\Program Files\Unity\Hub\Editor\2022.3.19f1\Editor\Unity.exe
-adb2
-batchMode
-noUpm
-name
AssetImportWorker1
-projectPath
C:/Users/cswat/Aeneas
-logFile
Logs/AssetImportWorker1.log
-srvPort
62688
Successfully changed project path to: C:/Users/cswat/Aeneas
C:/Users/cswat/Aeneas
[UnityMemory] Configuration Parameters - Can be set up in boot.config
    "memorysetup-bucket-allocator-granularity=16"
    "memorysetup-bucket-allocator-bucket-count=8"
    "memorysetup-bucket-allocator-block-size=33554432"
    "memorysetup-bucket-allocator-block-count=8"
    "memorysetup-main-allocator-block-size=16777216"
    "memorysetup-thread-allocator-block-size=16777216"
    "memorysetup-gfx-main-allocator-block-size=16777216"
    "memorysetup-gfx-thread-allocator-block-size=16777216"
    "memorysetup-cache-allocator-block-size=4194304"
    "memorysetup-typetree-allocator-block-size=2097152"
    "memorysetup-profiler-bucket-allocator-granularity=16"
    "memorysetup-profiler-bucket-allocator-bucket-count=8"
    "memorysetup-profiler-bucket-allocator-block-size=33554432"
    "memorysetup-profiler-bucket-allocator-block-count=8"
    "memorysetup-profiler-allocator-block-size=16777216"
    "memorysetup-profiler-editor-allocator-block-size=1048576"
    "memorysetup-temp-allocator-size-main=16777216"
    "memorysetup-job-temp-allocator-block-size=2097152"
    "memorysetup-job-temp-allocator-block-size-background=1048576"
    "memorysetup-job-temp-allocator-reduction-small-platforms=262144"
    "memorysetup-allocator-temp-initial-block-size-main=262144"
    "memorysetup-allocator-temp-initial-block-size-worker=262144"
    "memorysetup-temp-allocator-size-background-worker=32768"
    "memorysetup-temp-allocator-size-job-worker=262144"
    "memorysetup-temp-allocator-size-preload-manager=33554432"
    "memorysetup-temp-allocator-size-nav-mesh-worker=65536"
    "memorysetup-temp-allocator-size-audio-worker=65536"
    "memorysetup-temp-allocator-size-cloud-worker=32768"
    "memorysetup-temp-allocator-size-gi-baking-worker=262144"
    "memorysetup-temp-allocator-size-gfx=262144"
Player connection [18196] Host "[IP] 192.168.0.34 [Port] 0 [Flags] 2 [Guid] 1781131668 [EditorId] 1781131668 [Version] 1048832 [Id] WindowsEditor(7,Cameron_Laptop) [Debug] 1 [PackageName] WindowsEditor [ProjectName] Editor" joined multi-casting on [225.0.0.222:54997]...

Player connection [18196] Host "[IP] 192.168.0.34 [Port] 0 [Flags] 2 [Guid] 1781131668 [EditorId] 1781131668 [Version] 1048832 [Id] WindowsEditor(7,Cameron_Laptop) [Debug] 1 [PackageName] WindowsEditor [ProjectName] Editor" joined alternative multi-casting on [225.0.0.222:34997]...

[Physics::Module] Initialized MultithreadedJobDispatcher with 11 workers.
Refreshing native plugins compatible for Editor in 49.52 ms, found 4 plugins.
Preloading 0 native plugins for Editor in 0.00 ms.
Initialize engine version: 2022.3.19f1 (244b723c30a6)
[Subsystems] Discovering subsystems at path C:/Program Files/Unity/Hub/Editor/2022.3.19f1/Editor/Data/Resources/UnitySubsystems
[Subsystems] Discovering subsystems at path C:/Users/cswat/Aeneas/Assets
GfxDevice: creating device client; threaded=0; jobified=0
Direct3D:
    Version:  Direct3D 11.0 [level 11.1]
    Renderer: Intel(R) Iris(R) Xe Graphics (ID=0x46aa)
    Vendor:   Intel
    VRAM:     8038 MB
    Driver:   31.0.101.5186
Initialize mono
Mono path[0] = 'C:/Program Files/Unity/Hub/Editor/2022.3.19f1/Editor/Data/Managed'
Mono path[1] = 'C:/Program Files/Unity/Hub/Editor/2022.3.19f1/Editor/Data/MonoBleedingEdge/lib/mono/unityjit-win32'
Mono config path = 'C:/Program Files/Unity/Hub/Editor/2022.3.19f1/Editor/Data/MonoBleedingEdge/etc'
Using monoOptions --debugger-agent=transport=dt_socket,embedding=1,server=y,suspend=n,address=127.0.0.1:56628
Begin MonoManager ReloadAssembly
Registering precompiled unity dll's ...
Register platform support module: C:/Program Files/Unity/Hub/Editor/2022.3.19f1/Editor/Data/PlaybackEngines/WebGLSupport/UnityEditor.WebGL.Extensions.dll
Register platform support module: C:/Program Files/Unity/Hub/Editor/2022.3.19f1/Editor/Data/PlaybackEngines/WindowsStandaloneSupport/UnityEditor.WindowsStandalone.Extensions.dll
Registered in 0.016679 seconds.
- Loaded All Assemblies, in  0.732 seconds
Native extension for WindowsStandalone target not found
Native extension for WebGL target not found
Mono: successfully reloaded assembly
- Finished resetting the current domain, in  0.517 seconds
Domain Reload Profiling: 1241ms
	BeginReloadAssembly (198ms)
		ExecutionOrderSort (0ms)
		DisableScriptedObjects (0ms)
		BackupInstance (0ms)
		ReleaseScriptingObjects (0ms)
		CreateAndSetChildDomain (2ms)
	RebuildCommonClasses (68ms)
	RebuildNativeTypeToScriptingClass (24ms)
	initialDomainReloadingComplete (131ms)
	LoadAllAssembliesAndSetupDomain (303ms)
		LoadAssemblies (193ms)
		RebuildTransferFunctionScriptingTraits (0ms)
		AnalyzeDomain (298ms)
			TypeCache.Refresh (295ms)
				TypeCache.ScanAssembly (263ms)
			ScanForSourceGeneratedMonoScriptInfo (1ms)
			ResolveRequiredComponents (1ms)
	FinalizeReload (518ms)
		ReleaseScriptCaches (0ms)
		RebuildScriptCaches (0ms)
		SetupLoadedEditorAssemblies (392ms)
			LogAssemblyErrors (0ms)
			InitializePlatformSupportModulesInManaged (25ms)
			SetLoadedEditorAssemblies (11ms)
			RefreshPlugins (0ms)
			BeforeProcessingInitializeOnLoad (6ms)
			ProcessInitializeOnLoadAttributes (260ms)
			ProcessInitializeOnLoadMethodAttributes (91ms)
			AfterProcessingInitializeOnLoad (0ms)
			EditorAssembliesLoaded (0ms)
		ExecutionOrderSort2 (0ms)
		AwakeInstancesAfterBackupRestoration (0ms)
========================================================================
Worker process is ready to serve import requests
Begin MonoManager ReloadAssembly
- Loaded All Assemblies, in  1.232 seconds
Refreshing native plugins compatible for Editor in 8.54 ms, found 4 plugins.
Native extension for WindowsStandalone target not found
Native extension for WebGL target not found
Package Manager log level set to [2]
[Package Manager] Server::EnsureServerProcessIsRunning -- launch failed, reason: Unity was launched with the -noUpm command-line argument
[Package Manager] UpmClient::Send -- Unable to send message (not connected to UPM process).
[Package Manager] Cannot connect to Unity Package Manager local server
Mono: successfully reloaded assembly
- Finished resetting the current domain, in  1.463 seconds
Domain Reload Profiling: 2687ms
	BeginReloadAssembly (252ms)
		ExecutionOrderSort (0ms)
		DisableScriptedObjects (10ms)
		BackupInstance (0ms)
		ReleaseScriptingObjects (0ms)
		CreateAndSetChildDomain (39ms)
	RebuildCommonClasses (54ms)
	RebuildNativeTypeToScriptingClass (13ms)
	initialDomainReloadingComplete (103ms)
	LoadAllAssembliesAndSetupDomain (801ms)
		LoadAssemblies (644ms)
		RebuildTransferFunctionScriptingTraits (0ms)
		AnalyzeDomain (295ms)
			TypeCache.Refresh (250ms)
				TypeCache.ScanAssembly (226ms)
			ScanForSourceGeneratedMonoScriptInfo (37ms)
			ResolveRequiredComponents (7ms)
	FinalizeReload (1464ms)
		ReleaseScriptCaches (0ms)
		RebuildScriptCaches (0ms)
		SetupLoadedEditorAssemblies (1102ms)
			LogAssemblyErrors (0ms)
			InitializePlatformSupportModulesInManaged (22ms)
			SetLoadedEditorAssemblies (10ms)
			RefreshPlugins (0ms)
			BeforeProcessingInitializeOnLoad (153ms)
			ProcessInitializeOnLoadAttributes (774ms)
			ProcessInitializeOnLoadMethodAttributes (115ms)
			AfterProcessingInitializeOnLoad (28ms)
			EditorAssembliesLoaded (1ms)
		ExecutionOrderSort2 (0ms)
		AwakeInstancesAfterBackupRestoration (19ms)
Launched and connected shader compiler UnityShaderCompiler.exe after 0.19 seconds
Refreshing native plugins compatible for Editor in 6.91 ms, found 4 plugins.
Preloading 0 native plugins for Editor in 0.00 ms.
Unloading 4094 Unused Serialized files (Serialized files now loaded: 0)
Unloading 64 unused Assets / (61.3 KB). Loaded Objects now: 4556.
Memory consumption went from 154.9 MB to 154.9 MB.
Total: 9.991500 ms (FindLiveObjects: 0.307800 ms CreateObjectMapping: 0.153600 ms MarkObjects: 9.148000 ms  DeleteObjects: 0.379200 ms)

AssetImportParameters requested are different than current active one (requested -> active):
  custom:container-demuxer-ogg: 62fdf1f143b41e24485cea50d1cbac27 -> 
  custom:video-codec-MediaFoundation-h265: 746d11721c4dcdbdad8f713fa42b33f4 -> 
  custom:video-decoder-ogg-theora: a1e56fd34408186e4bbccfd4996cb3dc -> 
  custom:framework-win-MediaFoundation: 216162199b28c13a410421893ffa2e32 -> 
  custom:CustomObjectIndexerAttribute: 6d391050e5a25f67b0a2c618074f2cd9 -> 
  custom:container-demuxer-webm: 4f35f7cbe854078d1ac9338744f61a02 -> 
  custom:container-muxer-webm: aa71ff27fc2769a1b78a27578f13a17b -> 
  custom:video-decoder-webm-vp8: 9c59270c3fd7afecdb556c50c9e8de78 -> 
  custom:SearchIndexIgnoredProperties: e643bd26f0fe6173181afceb89e7c659 -> 
  custom:AudioImporter_EditorPlatform: d09bf68614088b80899f8185d706f6e7 -> 
  custom:video-encoder-webm-vp8: eb34c28f22e8b96e1ab97ce403110664 -> 
  custom:audio-decoder-ogg-vorbis: bf7c407c2cedff20999df2af8eb42d56 -> 
  custom:audio-encoder-webm-vorbis: bf7c407c2cedff20999df2af8eb42d56 -> 
========================================================================
Received Import Request.
  Time since last request: 190495.996689 seconds.
  path: Assets/Art/Aeneas/AeneasLeftAttack.aseprite
  artifactKey: Guid(13ad8bb6053aa8046a09c277aaf7570d) Importer(815301076,1909f56bfc062723c751e8b465ee728b)
Start importing Assets/Art/Aeneas/AeneasLeftAttack.aseprite using Guid(13ad8bb6053aa8046a09c277aaf7570d) Importer(815301076,1909f56bfc062723c751e8b465ee728b)  -> (artifact id: '1ee6326cc775b71261a5ee24e8792e8c') in 0.286574 seconds
Number of updated asset objects reloaded before import = 0
Number of asset objects unloaded after import = 15
========================================================================
Received Import Request.
  Time since last request: 0.000043 seconds.
  path: Assets/Art/log.png
  artifactKey: Guid(09d8103e29b618646a1bd4230fabb2dd) Importer(815301076,1909f56bfc062723c751e8b465ee728b)
Start importing Assets/Art/log.png using Guid(09d8103e29b618646a1bd4230fabb2dd) Importer(815301076,1909f56bfc062723c751e8b465ee728b)  -> (artifact id: 'b93031e2d3bc800b8cf0581139d47ed9') in 0.041130 seconds
Number of updated asset objects reloaded before import = 0
Number of asset objects unloaded after import = 3
========================================================================
Received Import Request.
  Time since last request: 0.000048 seconds.
  path: Assets/Art/hyptosis_tile-art-batch-3.png
  artifactKey: Guid(6dec18e6fcef1174aab2649522617943) Importer(815301076,1909f56bfc062723c751e8b465ee728b)
Start importing Assets/Art/hyptosis_tile-art-batch-3.png using Guid(6dec18e6fcef1174aab2649522617943) Importer(815301076,1909f56bfc062723c751e8b465ee728b)  -> (artifact id: 'b9cfc2dc961781dbca21294e2cddea1d') in 15.438818 seconds
Number of updated asset objects reloaded before import = 0
Number of asset objects unloaded after import = 2576
========================================================================
Received Import Request.
  Time since last request: 210.716119 seconds.
  path: Assets/Animations/NPCs/Ascanius.aseprite
  artifactKey: Guid(ac005a243931ee44596cbe9369e6f139) Importer(815301076,1909f56bfc062723c751e8b465ee728b)
Start importing Assets/Animations/NPCs/Ascanius.aseprite using Guid(ac005a243931ee44596cbe9369e6f139) Importer(815301076,1909f56bfc062723c751e8b465ee728b)  -> (artifact id: '75111090d31e4b3bd66e63e2c555e2a4') in 0.091214 seconds
Number of updated asset objects reloaded before import = 0
Number of asset objects unloaded after import = 13
========================================================================
Received Import Request.
  Time since last request: 0.000291 seconds.
  path: Assets/Animations/NPCs/Creusa.aseprite
  artifactKey: Guid(66fa90aba19ce4743853df4a985f9b1f) Importer(815301076,1909f56bfc062723c751e8b465ee728b)
Start importing Assets/Animations/NPCs/Creusa.aseprite using Guid(66fa90aba19ce4743853df4a985f9b1f) Importer(815301076,1909f56bfc062723c751e8b465ee728b)  -> (artifact id: '31ebdbe250874bcf0be2b933b2b9da61') in 0.048111 seconds
Number of updated asset objects reloaded before import = 0
Number of asset objects unloaded after import = 13
========================================================================
Received Import Request.
  Time since last request: 0.000091 seconds.
  path: Assets/Animations/NPCs/Priam.aseprite
  artifactKey: Guid(5078de7523a3c824d8132150d3122659) Importer(815301076,1909f56bfc062723c751e8b465ee728b)
Start importing Assets/Animations/NPCs/Priam.aseprite using Guid(5078de7523a3c824d8132150d3122659) Importer(815301076,1909f56bfc062723c751e8b465ee728b)  -> (artifact id: '65d13c425f21875d857a9c4ed887369c') in 0.053375 seconds
Number of updated asset objects reloaded before import = 0
Number of asset objects unloaded after import = 13
========================================================================
Received Import Request.
  Time since last request: 0.004643 seconds.
  path: Assets/Animations/NPCs/Helen.aseprite
  artifactKey: Guid(16d3f0e587001164c900d25b07fc221f) Importer(815301076,1909f56bfc062723c751e8b465ee728b)
Start importing Assets/Animations/NPCs/Helen.aseprite using Guid(16d3f0e587001164c900d25b07fc221f) Importer(815301076,1909f56bfc062723c751e8b465ee728b)  -> (artifact id: '96c2ab24f190d64c38ee49a250569cba') in 0.079527 seconds
Number of updated asset objects reloaded before import = 0
Number of asset objects unloaded after import = 13
========================================================================
Received Import Request.
  Time since last request: 0.000839 seconds.
  path: Assets/Animations/NPCs/Paris.aseprite
  artifactKey: Guid(facd2329d295a504fb931cfd572bd6f6) Importer(815301076,1909f56bfc062723c751e8b465ee728b)
Start importing Assets/Animations/NPCs/Paris.aseprite using Guid(facd2329d295a504fb931cfd572bd6f6) Importer(815301076,1909f56bfc062723c751e8b465ee728b)  -> (artifact id: '5feaac66f50fa86ea739c1bcbd2c4ba7') in 0.041444 seconds
Number of updated asset objects reloaded before import = 0
Number of asset objects unloaded after import = 13
========================================================================
Received Import Request.
  Time since last request: 11588.195027 seconds.
  path: Assets/Animations/NPCs/Anchises.aseprite
  artifactKey: Guid(872b860350f15c84db4144f70cbe1ec5) Importer(815301076,1909f56bfc062723c751e8b465ee728b)
Start importing Assets/Animations/NPCs/Anchises.aseprite using Guid(872b860350f15c84db4144f70cbe1ec5) Importer(815301076,1909f56bfc062723c751e8b465ee728b)  -> (artifact id: '23b0942db0e0a716d827d92931046899') in 0.058531 seconds
Number of updated asset objects reloaded before import = 0
Number of asset objects unloaded after import = 13
========================================================================
Received Import Request.
  Time since last request: 8.586806 seconds.
  path: Assets/Animations/NPCs/Ascanius.aseprite
  artifactKey: Guid(ac005a243931ee44596cbe9369e6f139) Importer(815301076,1909f56bfc062723c751e8b465ee728b)
Start importing Assets/Animations/NPCs/Ascanius.aseprite using Guid(ac005a243931ee44596cbe9369e6f139) Importer(815301076,1909f56bfc062723c751e8b465ee728b)  -> (artifact id: '5ae7623d06087fc83dc56c1c033f532d') in 0.055505 seconds
Number of updated asset objects reloaded before import = 0
Number of asset objects unloaded after import = 13
========================================================================
Received Import Request.
  Time since last request: 9.338486 seconds.
  path: Assets/Animations/NPCs/Cassandra.aseprite
  artifactKey: Guid(bdbad38a6193a014fade71e1bdcc790c) Importer(815301076,1909f56bfc062723c751e8b465ee728b)
Start importing Assets/Animations/NPCs/Cassandra.aseprite using Guid(bdbad38a6193a014fade71e1bdcc790c) Importer(815301076,1909f56bfc062723c751e8b465ee728b)  -> (artifact id: '115582a44ed54ef5665515d0511e89a4') in 0.084760 seconds
Number of updated asset objects reloaded before import = 0
Number of asset objects unloaded after import = 13
========================================================================
Received Import Request.
  Time since last request: 8.389821 seconds.
  path: Assets/Animations/NPCs/Creusa.aseprite
  artifactKey: Guid(66fa90aba19ce4743853df4a985f9b1f) Importer(815301076,1909f56bfc062723c751e8b465ee728b)
Start importing Assets/Animations/NPCs/Creusa.aseprite using Guid(66fa90aba19ce4743853df4a985f9b1f) Importer(815301076,1909f56bfc062723c751e8b465ee728b)  -> (artifact id: 'b7dae315e64776d1ba9c55ac745bc82f') in 0.072433 seconds
Number of updated asset objects reloaded before import = 0
Number of asset objects unloaded after import = 13
========================================================================
Received Import Request.
  Time since last request: 7.500238 seconds.
  path: Assets/Animations/NPCs/Deiphobus.aseprite
  artifactKey: Guid(7e2be0776f4d7784c84457b3e10337cf) Importer(815301076,1909f56bfc062723c751e8b465ee728b)
Start importing Assets/Animations/NPCs/Deiphobus.aseprite using Guid(7e2be0776f4d7784c84457b3e10337cf) Importer(815301076,1909f56bfc062723c751e8b465ee728b)  -> (artifact id: 'c8153e5bb631c29ff05bf8f85dc6f39d') in 0.066133 seconds
Number of updated asset objects reloaded before import = 0
Number of asset objects unloaded after import = 13
========================================================================
Received Import Request.
  Time since last request: 7.696463 seconds.
  path: Assets/Animations/NPCs/Hector.aseprite
  artifactKey: Guid(89fbfcf41c39b5d4883fe8be655ed6fa) Importer(815301076,1909f56bfc062723c751e8b465ee728b)
Start importing Assets/Animations/NPCs/Hector.aseprite using Guid(89fbfcf41c39b5d4883fe8be655ed6fa) Importer(815301076,1909f56bfc062723c751e8b465ee728b)  -> (artifact id: 'd9a92d64763b3bd672f0dd5d5421cd8f') in 0.072150 seconds
Number of updated asset objects reloaded before import = 0
Number of asset objects unloaded after import = 13
========================================================================
Received Import Request.
  Time since last request: 6.955900 seconds.
  path: Assets/Animations/NPCs/Hecuba.aseprite
  artifactKey: Guid(ada55203b8084624e828b870f31fb23c) Importer(815301076,1909f56bfc062723c751e8b465ee728b)
Start importing Assets/Animations/NPCs/Hecuba.aseprite using Guid(ada55203b8084624e828b870f31fb23c) Importer(815301076,1909f56bfc062723c751e8b465ee728b)  -> (artifact id: 'ce3061089198ac13e1f8e04ba69c15e6') in 0.046650 seconds
Number of updated asset objects reloaded before import = 0
Number of asset objects unloaded after import = 13
========================================================================
Received Import Request.
  Time since last request: 7.929603 seconds.
  path: Assets/Animations/NPCs/Helen.aseprite
  artifactKey: Guid(16d3f0e587001164c900d25b07fc221f) Importer(815301076,1909f56bfc062723c751e8b465ee728b)
Start importing Assets/Animations/NPCs/Helen.aseprite using Guid(16d3f0e587001164c900d25b07fc221f) Importer(815301076,1909f56bfc062723c751e8b465ee728b)  -> (artifact id: '6f8dc13b0579dd30fb8162133f7bba35') in 0.070319 seconds
Number of updated asset objects reloaded before import = 0
Number of asset objects unloaded after import = 13
========================================================================
Received Import Request.
  Time since last request: 7.671028 seconds.
  path: Assets/Animations/NPCs/Paris.aseprite
  artifactKey: Guid(facd2329d295a504fb931cfd572bd6f6) Importer(815301076,1909f56bfc062723c751e8b465ee728b)
Start importing Assets/Animations/NPCs/Paris.aseprite using Guid(facd2329d295a504fb931cfd572bd6f6) Importer(815301076,1909f56bfc062723c751e8b465ee728b)  -> (artifact id: 'a2018d12d69248e4e7be64c289e86b79') in 0.051515 seconds
Number of updated asset objects reloaded before import = 0
Number of asset objects unloaded after import = 13
========================================================================
Received Import Request.
  Time since last request: 8.851169 seconds.
  path: Assets/Animations/NPCs/Priam.aseprite
  artifactKey: Guid(5078de7523a3c824d8132150d3122659) Importer(815301076,1909f56bfc062723c751e8b465ee728b)
Start importing Assets/Animations/NPCs/Priam.aseprite using Guid(5078de7523a3c824d8132150d3122659) Importer(815301076,1909f56bfc062723c751e8b465ee728b)  -> (artifact id: 'd07fe6447d18c50391e16414ab6cf077') in 0.043032 seconds
Number of updated asset objects reloaded before import = 0
Number of asset objects unloaded after import = 13
========================================================================
Received Import Request.
  Time since last request: 223.831451 seconds.
  path: Assets/Animations/NPCs/Anchises.aseprite
  artifactKey: Guid(872b860350f15c84db4144f70cbe1ec5) Importer(815301076,1909f56bfc062723c751e8b465ee728b)
Start importing Assets/Animations/NPCs/Anchises.aseprite using Guid(872b860350f15c84db4144f70cbe1ec5) Importer(815301076,1909f56bfc062723c751e8b465ee728b)  -> (artifact id: '2e3b0e2f05c91e3229eac993e0eb9061') in 0.050686 seconds
Number of updated asset objects reloaded before import = 0
Number of asset objects unloaded after import = 13
========================================================================
Received Import Request.
  Time since last request: 12.710443 seconds.
  path: Assets/Animations/NPCs/Ascanius.aseprite
  artifactKey: Guid(ac005a243931ee44596cbe9369e6f139) Importer(815301076,1909f56bfc062723c751e8b465ee728b)
Start importing Assets/Animations/NPCs/Ascanius.aseprite using Guid(ac005a243931ee44596cbe9369e6f139) Importer(815301076,1909f56bfc062723c751e8b465ee728b)  -> (artifact id: '28d61409fd2361693dc2d80bd377a42d') in 0.071597 seconds
Number of updated asset objects reloaded before import = 0
Number of asset objects unloaded after import = 13
========================================================================
Received Import Request.
  Time since last request: 8.730280 seconds.
  path: Assets/Animations/NPCs/Cassandra.aseprite
  artifactKey: Guid(bdbad38a6193a014fade71e1bdcc790c) Importer(815301076,1909f56bfc062723c751e8b465ee728b)
Start importing Assets/Animations/NPCs/Cassandra.aseprite using Guid(bdbad38a6193a014fade71e1bdcc790c) Importer(815301076,1909f56bfc062723c751e8b465ee728b)  -> (artifact id: '02661e919fe1087c616c12683f366bef') in 0.098602 seconds
Number of updated asset objects reloaded before import = 0
Number of asset objects unloaded after import = 13
========================================================================
Received Import Request.
  Time since last request: 6.896715 seconds.
  path: Assets/Animations/NPCs/Creusa.aseprite
  artifactKey: Guid(66fa90aba19ce4743853df4a985f9b1f) Importer(815301076,1909f56bfc062723c751e8b465ee728b)
Start importing Assets/Animations/NPCs/Creusa.aseprite using Guid(66fa90aba19ce4743853df4a985f9b1f) Importer(815301076,1909f56bfc062723c751e8b465ee728b)  -> (artifact id: '0609aa5e5c74fdea06f218e289998f81') in 0.079185 seconds
Number of updated asset objects reloaded before import = 0
Number of asset objects unloaded after import = 13
========================================================================
Received Import Request.
  Time since last request: 7.103395 seconds.
  path: Assets/Animations/NPCs/Deiphobus.aseprite
  artifactKey: Guid(7e2be0776f4d7784c84457b3e10337cf) Importer(815301076,1909f56bfc062723c751e8b465ee728b)
Start importing Assets/Animations/NPCs/Deiphobus.aseprite using Guid(7e2be0776f4d7784c84457b3e10337cf) Importer(815301076,1909f56bfc062723c751e8b465ee728b)  -> (artifact id: 'fe9388f8483a6161b8f1ef3ffaf20765') in 0.092676 seconds
Number of updated asset objects reloaded before import = 0
Number of asset objects unloaded after import = 13
========================================================================
Received Import Request.
  Time since last request: 6.919885 seconds.
  path: Assets/Animations/NPCs/Hector.aseprite
  artifactKey: Guid(89fbfcf41c39b5d4883fe8be655ed6fa) Importer(815301076,1909f56bfc062723c751e8b465ee728b)
Start importing Assets/Animations/NPCs/Hector.aseprite using Guid(89fbfcf41c39b5d4883fe8be655ed6fa) Importer(815301076,1909f56bfc062723c751e8b465ee728b)  -> (artifact id: '5bc718e85bd60f5be2ce236088abcaf1') in 0.073498 seconds
Number of updated asset objects reloaded before import = 0
Number of asset objects unloaded after import = 13
========================================================================
Received Import Request.
  Time since last request: 7.417491 seconds.
  path: Assets/Animations/NPCs/Hecuba.aseprite
  artifactKey: Guid(ada55203b8084624e828b870f31fb23c) Importer(815301076,1909f56bfc062723c751e8b465ee728b)
Start importing Assets/Animations/NPCs/Hecuba.aseprite using Guid(ada55203b8084624e828b870f31fb23c) Importer(815301076,1909f56bfc062723c751e8b465ee728b)  -> (artifact id: '14ba917d6cb20643a1074b2e9e44be30') in 0.066717 seconds
Number of updated asset objects reloaded before import = 0
Number of asset objects unloaded after import = 13
========================================================================
Received Import Request.
  Time since last request: 7.004220 seconds.
  path: Assets/Animations/NPCs/Helen.aseprite
  artifactKey: Guid(16d3f0e587001164c900d25b07fc221f) Importer(815301076,1909f56bfc062723c751e8b465ee728b)
Start importing Assets/Animations/NPCs/Helen.aseprite using Guid(16d3f0e587001164c900d25b07fc221f) Importer(815301076,1909f56bfc062723c751e8b465ee728b)  -> (artifact id: '3d0c19c03d8d0964cb911fc0d1f1957b') in 0.098477 seconds
Number of updated asset objects reloaded before import = 0
Number of asset objects unloaded after import = 13
========================================================================
Received Import Request.
  Time since last request: 6.518488 seconds.
  path: Assets/Animations/NPCs/Paris.aseprite
  artifactKey: Guid(facd2329d295a504fb931cfd572bd6f6) Importer(815301076,1909f56bfc062723c751e8b465ee728b)
Start importing Assets/Animations/NPCs/Paris.aseprite using Guid(facd2329d295a504fb931cfd572bd6f6) Importer(815301076,1909f56bfc062723c751e8b465ee728b)  -> (artifact id: '380c892bfefc7e21b92bd6ff0dd8f3d1') in 0.047969 seconds
Number of updated asset objects reloaded before import = 0
Number of asset objects unloaded after import = 13
========================================================================
Received Import Request.
  Time since last request: 7.033229 seconds.
  path: Assets/Animations/NPCs/Priam.aseprite
  artifactKey: Guid(5078de7523a3c824d8132150d3122659) Importer(815301076,1909f56bfc062723c751e8b465ee728b)
Start importing Assets/Animations/NPCs/Priam.aseprite using Guid(5078de7523a3c824d8132150d3122659) Importer(815301076,1909f56bfc062723c751e8b465ee728b)  -> (artifact id: 'b8cdd6a510014d95e8a19f6de75e241a') in 0.070121 seconds
Number of updated asset objects reloaded before import = 0
Number of asset objects unloaded after import = 13
========================================================================
Received Prepare
Begin MonoManager ReloadAssembly
- Loaded All Assemblies, in  2.073 seconds
Refreshing native plugins compatible for Editor in 21.60 ms, found 4 plugins.
Native extension for WindowsStandalone target not found
Native extension for WebGL target not found
[Package Manager] Server::EnsureServerProcessIsRunning -- launch failed, reason: Unity was launched with the -noUpm command-line argument
[Package Manager] UpmClient::Send -- Unable to send message (not connected to UPM process).
[Package Manager] Cannot connect to Unity Package Manager local server
Mono: successfully reloaded assembly
- Finished resetting the current domain, in  5.691 seconds
Domain Reload Profiling: 7744ms
	BeginReloadAssembly (465ms)
		ExecutionOrderSort (0ms)
		DisableScriptedObjects (41ms)
		BackupInstance (0ms)
		ReleaseScriptingObjects (0ms)
		CreateAndSetChildDomain (118ms)
	RebuildCommonClasses (59ms)
	RebuildNativeTypeToScriptingClass (14ms)
	initialDomainReloadingComplete (109ms)
	LoadAllAssembliesAndSetupDomain (1404ms)
		LoadAssemblies (1573ms)
		RebuildTransferFunctionScriptingTraits (0ms)
		AnalyzeDomain (60ms)
			TypeCache.Refresh (32ms)
				TypeCache.ScanAssembly (0ms)
			ScanForSourceGeneratedMonoScriptInfo (1ms)
			ResolveRequiredComponents (25ms)
	FinalizeReload (5693ms)
		ReleaseScriptCaches (0ms)
		RebuildScriptCaches (0ms)
		SetupLoadedEditorAssemblies (1889ms)
			LogAssemblyErrors (0ms)
			InitializePlatformSupportModulesInManaged (36ms)
			SetLoadedEditorAssemblies (28ms)
			RefreshPlugins (0ms)
			BeforeProcessingInitializeOnLoad (310ms)
			ProcessInitializeOnLoadAttributes (1366ms)
			ProcessInitializeOnLoadMethodAttributes (116ms)
			AfterProcessingInitializeOnLoad (31ms)
			EditorAssembliesLoaded (1ms)
		ExecutionOrderSort2 (0ms)
		AwakeInstancesAfterBackupRestoration (51ms)
Refreshing native plugins compatible for Editor in 27.66 ms, found 4 plugins.
Preloading 0 native plugins for Editor in 0.00 ms.
Unloading 4069 Unused Serialized files (Serialized files now loaded: 0)
Unloading 36 unused Assets / (35.2 KB). Loaded Objects now: 4584.
Memory consumption went from 155.3 MB to 155.2 MB.
Total: 10.760700 ms (FindLiveObjects: 0.508400 ms CreateObjectMapping: 0.246400 ms MarkObjects: 9.854300 ms  DeleteObjects: 0.147800 ms)

Prepare: number of updated asset objects reloaded= 0
AssetImportParameters requested are different than current active one (requested -> active):
  custom:container-demuxer-ogg: 62fdf1f143b41e24485cea50d1cbac27 -> 
  custom:video-codec-MediaFoundation-h265: 746d11721c4dcdbdad8f713fa42b33f4 -> 
  custom:video-decoder-ogg-theora: a1e56fd34408186e4bbccfd4996cb3dc -> 
  custom:framework-win-MediaFoundation: 216162199b28c13a410421893ffa2e32 -> 
  custom:CustomObjectIndexerAttribute: 6d391050e5a25f67b0a2c618074f2cd9 -> 
  custom:container-demuxer-webm: 4f35f7cbe854078d1ac9338744f61a02 -> 
  custom:container-muxer-webm: aa71ff27fc2769a1b78a27578f13a17b -> 
  custom:video-decoder-webm-vp8: 9c59270c3fd7afecdb556c50c9e8de78 -> 
  custom:SearchIndexIgnoredProperties: e643bd26f0fe6173181afceb89e7c659 -> 
  custom:AudioImporter_EditorPlatform: d09bf68614088b80899f8185d706f6e7 -> 
  custom:video-encoder-webm-vp8: eb34c28f22e8b96e1ab97ce403110664 -> 
  custom:audio-decoder-ogg-vorbis: bf7c407c2cedff20999df2af8eb42d56 -> 
  custom:audio-encoder-webm-vorbis: bf7c407c2cedff20999df2af8eb42d56 -> 
========================================================================
Received Prepare
Begin MonoManager ReloadAssembly
- Loaded All Assemblies, in  0.960 seconds
Refreshing native plugins compatible for Editor in 20.89 ms, found 4 plugins.
Native extension for WindowsStandalone target not found
Native extension for WebGL target not found
[Package Manager] Server::EnsureServerProcessIsRunning -- launch failed, reason: Unity was launched with the -noUpm command-line argument
[Package Manager] UpmClient::Send -- Unable to send message (not connected to UPM process).
[Package Manager] Cannot connect to Unity Package Manager local server
Mono: successfully reloaded assembly
- Finished resetting the current domain, in  4.682 seconds
Domain Reload Profiling: 5621ms
	BeginReloadAssembly (248ms)
		ExecutionOrderSort (0ms)
		DisableScriptedObjects (29ms)
		BackupInstance (0ms)
		ReleaseScriptingObjects (0ms)
		CreateAndSetChildDomain (44ms)
	RebuildCommonClasses (52ms)
	RebuildNativeTypeToScriptingClass (17ms)
	initialDomainReloadingComplete (74ms)
	LoadAllAssembliesAndSetupDomain (546ms)
		LoadAssemblies (651ms)
		RebuildTransferFunctionScriptingTraits (0ms)
		AnalyzeDomain (32ms)
			TypeCache.Refresh (12ms)
				TypeCache.ScanAssembly (0ms)
			ScanForSourceGeneratedMonoScriptInfo (0ms)
			ResolveRequiredComponents (17ms)
	FinalizeReload (4685ms)
		ReleaseScriptCaches (0ms)
		RebuildScriptCaches (0ms)
		SetupLoadedEditorAssemblies (1927ms)
			LogAssemblyErrors (0ms)
			InitializePlatformSupportModulesInManaged (17ms)
			SetLoadedEditorAssemblies (15ms)
			RefreshPlugins (0ms)
			BeforeProcessingInitializeOnLoad (296ms)
			ProcessInitializeOnLoadAttributes (1443ms)
			ProcessInitializeOnLoadMethodAttributes (119ms)
			AfterProcessingInitializeOnLoad (38ms)
			EditorAssembliesLoaded (1ms)
		ExecutionOrderSort2 (0ms)
		AwakeInstancesAfterBackupRestoration (75ms)
Refreshing native plugins compatible for Editor in 9.05 ms, found 4 plugins.
Preloading 0 native plugins for Editor in 0.00 ms.
Unloading 4070 Unused Serialized files (Serialized files now loaded: 0)
Unloading 36 unused Assets / (35.4 KB). Loaded Objects now: 4588.
Memory consumption went from 157.4 MB to 157.4 MB.
Total: 6.915500 ms (FindLiveObjects: 0.593200 ms CreateObjectMapping: 0.205600 ms MarkObjects: 6.003000 ms  DeleteObjects: 0.109800 ms)

Prepare: number of updated asset objects reloaded= 0
AssetImportParameters requested are different than current active one (requested -> active):
  custom:container-demuxer-ogg: 62fdf1f143b41e24485cea50d1cbac27 -> 
  custom:video-codec-MediaFoundation-h265: 746d11721c4dcdbdad8f713fa42b33f4 -> 
  custom:video-decoder-ogg-theora: a1e56fd34408186e4bbccfd4996cb3dc -> 
  custom:framework-win-MediaFoundation: 216162199b28c13a410421893ffa2e32 -> 
  custom:CustomObjectIndexerAttribute: 6d391050e5a25f67b0a2c618074f2cd9 -> 
  custom:container-demuxer-webm: 4f35f7cbe854078d1ac9338744f61a02 -> 
  custom:container-muxer-webm: aa71ff27fc2769a1b78a27578f13a17b -> 
  custom:video-decoder-webm-vp8: 9c59270c3fd7afecdb556c50c9e8de78 -> 
  custom:SearchIndexIgnoredProperties: e643bd26f0fe6173181afceb89e7c659 -> 
  custom:AudioImporter_EditorPlatform: d09bf68614088b80899f8185d706f6e7 -> 
  custom:video-encoder-webm-vp8: eb34c28f22e8b96e1ab97ce403110664 -> 
  custom:audio-decoder-ogg-vorbis: bf7c407c2cedff20999df2af8eb42d56 -> 
  custom:audio-encoder-webm-vorbis: bf7c407c2cedff20999df2af8eb42d56 -> 
========================================================================
Received Import Request.
  Time since last request: 161.267747 seconds.
  path: Assets/prefab/Aeneas.prefab
  artifactKey: Guid(7f3f7189f7c0c7a4aa00bb87c2bc6fb9) Importer(815301076,1909f56bfc062723c751e8b465ee728b)
Start importing Assets/prefab/Aeneas.prefab using Guid(7f3f7189f7c0c7a4aa00bb87c2bc6fb9) Importer(815301076,1909f56bfc062723c751e8b465ee728b)  -> (artifact id: '2c9cd153134709903c4b1402ffbe44d6') in 0.116328 seconds
Number of updated asset objects reloaded before import = 0
Number of asset objects unloaded after import = 104
========================================================================
Received Import Request.
  Time since last request: 1.753456 seconds.
  path: Assets/Materials/Aeneas_Material.physicsMaterial2D
  artifactKey: Guid(7243fcdd1f09c774e91a62ec83f0ea6a) Importer(815301076,1909f56bfc062723c751e8b465ee728b)
Start importing Assets/Materials/Aeneas_Material.physicsMaterial2D using Guid(7243fcdd1f09c774e91a62ec83f0ea6a) Importer(815301076,1909f56bfc062723c751e8b465ee728b)  -> (artifact id: '04d1da8b25514eb5299aa891be7786d3') in 0.003463 seconds
Number of updated asset objects reloaded before import = 0
Number of asset objects unloaded after import = 1
========================================================================
Received Import Request.
  Time since last request: 3.357522 seconds.
  path: Assets/Animations/Aeneas/AeneasAttackUp.aseprite
  artifactKey: Guid(b43796752ef1fe2419a5ad153f377510) Importer(815301076,1909f56bfc062723c751e8b465ee728b)
Start importing Assets/Animations/Aeneas/AeneasAttackUp.aseprite using Guid(b43796752ef1fe2419a5ad153f377510) Importer(815301076,1909f56bfc062723c751e8b465ee728b)  -> (artifact id: '9d416b74e2420d6cfc68206eaf933953') in 0.043646 seconds
Number of updated asset objects reloaded before import = 0
Number of asset objects unloaded after import = 15
========================================================================
Received Import Request.
  Time since last request: 0.059179 seconds.
  path: Assets/Animations/Aeneas/AeneasIdleRight.aseprite
  artifactKey: Guid(92119ffa8f5cc604f9c24ff1f1676f41) Importer(815301076,1909f56bfc062723c751e8b465ee728b)
Start importing Assets/Animations/Aeneas/AeneasIdleRight.aseprite using Guid(92119ffa8f5cc604f9c24ff1f1676f41) Importer(815301076,1909f56bfc062723c751e8b465ee728b)  -> (artifact id: '215ee239788e66288e92c30993de7ab1') in 0.032040 seconds
Number of updated asset objects reloaded before import = 0
Number of asset objects unloaded after import = 13
========================================================================
Received Import Request.
  Time since last request: 0.000024 seconds.
  path: Assets/Animations/Aeneas/AeneasLeftAttack.aseprite
  artifactKey: Guid(6b084ea3859891e46818750ab2dbf0bf) Importer(815301076,1909f56bfc062723c751e8b465ee728b)
Start importing Assets/Animations/Aeneas/AeneasLeftAttack.aseprite using Guid(6b084ea3859891e46818750ab2dbf0bf) Importer(815301076,1909f56bfc062723c751e8b465ee728b)  -> (artifact id: '6aff3c8b409ed565fbd0486c0a351550') in 0.035746 seconds
Number of updated asset objects reloaded before import = 0
Number of asset objects unloaded after import = 15
========================================================================
Received Import Request.
  Time since last request: 0.000029 seconds.
  path: Assets/Animations/Aeneas/AeneasIdleUp.aseprite
  artifactKey: Guid(62483a73cf2fce44eafee5a334a3eb64) Importer(815301076,1909f56bfc062723c751e8b465ee728b)
Start importing Assets/Animations/Aeneas/AeneasIdleUp.aseprite using Guid(62483a73cf2fce44eafee5a334a3eb64) Importer(815301076,1909f56bfc062723c751e8b465ee728b)  -> (artifact id: '8e847c04740c6596fcc5aa40a1667487') in 0.029525 seconds
Number of updated asset objects reloaded before import = 0
Number of asset objects unloaded after import = 13
========================================================================
Received Import Request.
  Time since last request: 0.000022 seconds.
  path: Assets/Animations/Aeneas/AeneasWalkDown.aseprite
  artifactKey: Guid(eff54835f880aa24a9b1cd1d6a76e0b1) Importer(815301076,1909f56bfc062723c751e8b465ee728b)
Start importing Assets/Animations/Aeneas/AeneasWalkDown.aseprite using Guid(eff54835f880aa24a9b1cd1d6a76e0b1) Importer(815301076,1909f56bfc062723c751e8b465ee728b)  -> (artifact id: '6cac0ba6255666fabb73247a4c2e0e40') in 0.028877 seconds
Number of updated asset objects reloaded before import = 0
Number of asset objects unloaded after import = 13
========================================================================
Received Import Request.
  Time since last request: 0.000031 seconds.
  path: Assets/Animations/Aeneas/AeneasIdleLeft.aseprite
  artifactKey: Guid(0ea6df9573e1fe34f8b7e38e346a79cc) Importer(815301076,1909f56bfc062723c751e8b465ee728b)
Start importing Assets/Animations/Aeneas/AeneasIdleLeft.aseprite using Guid(0ea6df9573e1fe34f8b7e38e346a79cc) Importer(815301076,1909f56bfc062723c751e8b465ee728b)  -> (artifact id: '20a87b39c323dfff6dd938dc40bcf781') in 0.028197 seconds
Number of updated asset objects reloaded before import = 0
Number of asset objects unloaded after import = 13
========================================================================
Received Import Request.
  Time since last request: 0.978943 seconds.
  path: Assets/Animations/Enemies/GreekWarrior.aseprite
  artifactKey: Guid(3ff0fd7993f2ff84cab6a19578fb36a7) Importer(815301076,1909f56bfc062723c751e8b465ee728b)
Start importing Assets/Animations/Enemies/GreekWarrior.aseprite using Guid(3ff0fd7993f2ff84cab6a19578fb36a7) Importer(815301076,1909f56bfc062723c751e8b465ee728b)  -> (artifact id: '028bb7631a8233f152dd97a7aa6a8663') in 0.029573 seconds
Number of updated asset objects reloaded before import = 0
Number of asset objects unloaded after import = 13
========================================================================
Received Prepare
Begin MonoManager ReloadAssembly
- Loaded All Assemblies, in  2.724 seconds
Refreshing native plugins compatible for Editor in 21.00 ms, found 4 plugins.
Native extension for WindowsStandalone target not found
Native extension for WebGL target not found
[Package Manager] Server::EnsureServerProcessIsRunning -- launch failed, reason: Unity was launched with the -noUpm command-line argument
[Package Manager] UpmClient::Send -- Unable to send message (not connected to UPM process).
[Package Manager] Cannot connect to Unity Package Manager local server
Mono: successfully reloaded assembly
- Finished resetting the current domain, in  3.883 seconds
Domain Reload Profiling: 6573ms
	BeginReloadAssembly (955ms)
		ExecutionOrderSort (0ms)
		DisableScriptedObjects (94ms)
		BackupInstance (0ms)
		ReleaseScriptingObjects (0ms)
		CreateAndSetChildDomain (212ms)
	RebuildCommonClasses (211ms)
	RebuildNativeTypeToScriptingClass (55ms)
	initialDomainReloadingComplete (307ms)
	LoadAllAssembliesAndSetupDomain (1160ms)
		LoadAssemblies (1472ms)
		RebuildTransferFunctionScriptingTraits (0ms)
		AnalyzeDomain (169ms)
			TypeCache.Refresh (37ms)
				TypeCache.ScanAssembly (3ms)
			ScanForSourceGeneratedMonoScriptInfo (82ms)
			ResolveRequiredComponents (48ms)
	FinalizeReload (3884ms)
		ReleaseScriptCaches (0ms)
		RebuildScriptCaches (0ms)
		SetupLoadedEditorAssemblies (1305ms)
			LogAssemblyErrors (0ms)
			InitializePlatformSupportModulesInManaged (16ms)
			SetLoadedEditorAssemblies (12ms)
			RefreshPlugins (0ms)
			BeforeProcessingInitializeOnLoad (195ms)
			ProcessInitializeOnLoadAttributes (820ms)
			ProcessInitializeOnLoadMethodAttributes (221ms)
			AfterProcessingInitializeOnLoad (41ms)
			EditorAssembliesLoaded (1ms)
		ExecutionOrderSort2 (0ms)
		AwakeInstancesAfterBackupRestoration (93ms)
Refreshing native plugins compatible for Editor in 22.60 ms, found 4 plugins.
Preloading 0 native plugins for Editor in 0.00 ms.
Unloading 4070 Unused Serialized files (Serialized files now loaded: 0)
Unloading 36 unused Assets / (35.3 KB). Loaded Objects now: 4607.
Memory consumption went from 159.2 MB to 159.1 MB.
Total: 12.279900 ms (FindLiveObjects: 0.590600 ms CreateObjectMapping: 0.321800 ms MarkObjects: 11.210700 ms  DeleteObjects: 0.154000 ms)

Prepare: number of updated asset objects reloaded= 0
AssetImportParameters requested are different than current active one (requested -> active):
  custom:container-demuxer-ogg: 62fdf1f143b41e24485cea50d1cbac27 -> 
  custom:video-codec-MediaFoundation-h265: 746d11721c4dcdbdad8f713fa42b33f4 -> 
  custom:video-decoder-ogg-theora: a1e56fd34408186e4bbccfd4996cb3dc -> 
  custom:framework-win-MediaFoundation: 216162199b28c13a410421893ffa2e32 -> 
  custom:CustomObjectIndexerAttribute: 6d391050e5a25f67b0a2c618074f2cd9 -> 
  custom:container-demuxer-webm: 4f35f7cbe854078d1ac9338744f61a02 -> 
  custom:container-muxer-webm: aa71ff27fc2769a1b78a27578f13a17b -> 
  custom:video-decoder-webm-vp8: 9c59270c3fd7afecdb556c50c9e8de78 -> 
  custom:SearchIndexIgnoredProperties: e643bd26f0fe6173181afceb89e7c659 -> 
  custom:AudioImporter_EditorPlatform: d09bf68614088b80899f8185d706f6e7 -> 
  custom:video-encoder-webm-vp8: eb34c28f22e8b96e1ab97ce403110664 -> 
  custom:audio-decoder-ogg-vorbis: bf7c407c2cedff20999df2af8eb42d56 -> 
  custom:audio-encoder-webm-vorbis: bf7c407c2cedff20999df2af8eb42d56 -> 
Editor requested this worker to shutdown with reason: Scaling down because of idle timeout
TcpMessagingSession - receive error: operation aborted. errorcode: 995, details: The I/O operation has been aborted because of either a thread exit or an application request.
AssetImportWorker is now disconnected from the server
Process exiting
Exiting without the bug reporter. Application will terminate with return code 0